<?xml version="1.0" encoding="UTF-8"?>
<!-- Generated by org.testng.reporters.JUnitXMLReporter -->
<testsuite ignored="2" hostname="DESKTOP-H0CI39M" failures="0" tests="1" name="Default test" time="8.021" errors="0" timestamp="2024-09-23T18:40:51 IST">
  <testcase classname="TestCase.CheckOut" name="TestCase_003" time="2.759"/>
  <testcase classname="TestCase.CheckOut" name="TestCase_001" time="0.0">
    <ignored/>
  </testcase> <!-- TestCase_001 -->
  <testcase classname="TestCase.CheckOut" name="TestCase_002" time="0.0">
    <ignored/>
  </testcase> <!-- TestCase_002 -->
</testsuite> <!-- Default test -->
