<?xml version="1.0" encoding="UTF-8"?>
<testng-results ignored="0" total="9" passed="8" failed="1" skipped="0">
  <reporter-output>
  </reporter-output>
  <suite started-at="2024-09-18T19:40:48 IST" name="Suite" finished-at="2024-09-18T19:41:51 IST" duration-ms="63233">
    <groups>
    </groups>
    <test started-at="2024-09-18T19:40:48 IST" name="Test" finished-at="2024-09-18T19:41:51 IST" duration-ms="63233">
      <class name="TestCase.Login">
        <test-method is-config="true" signature="setUp()[pri:0, instance:TestCase.Login@2a7f1f10]" started-at="2024-09-18T19:40:48 IST" name="setUp" finished-at="2024-09-18T19:40:57 IST" duration-ms="9454" status="PASS">
          <reporter-output>
          </reporter-output>
        </test-method> <!-- setUp -->
        <test-method signature="TestCase_001()[pri:0, instance:TestCase.Login@2a7f1f10]" started-at="2024-09-18T19:40:57 IST" name="TestCase_001" finished-at="2024-09-18T19:40:59 IST" duration-ms="1733" status="PASS">
          <reporter-output>
          </reporter-output>
        </test-method> <!-- TestCase_001 -->
        <test-method is-config="true" signature="TearDown()[pri:0, instance:TestCase.Login@2a7f1f10]" started-at="2024-09-18T19:40:59 IST" name="TearDown" finished-at="2024-09-18T19:40:59 IST" duration-ms="262" status="PASS">
          <reporter-output>
          </reporter-output>
        </test-method> <!-- TearDown -->
        <test-method is-config="true" signature="setUp()[pri:0, instance:TestCase.Login@2a7f1f10]" started-at="2024-09-18T19:40:59 IST" name="setUp" finished-at="2024-09-18T19:41:01 IST" duration-ms="2005" status="PASS">
          <reporter-output>
          </reporter-output>
        </test-method> <!-- setUp -->
        <test-method signature="TestCase_002()[pri:0, instance:TestCase.Login@2a7f1f10]" started-at="2024-09-18T19:41:01 IST" name="TestCase_002" finished-at="2024-09-18T19:41:04 IST" duration-ms="2456" status="PASS">
          <reporter-output>
          </reporter-output>
        </test-method> <!-- TestCase_002 -->
        <test-method is-config="true" signature="TearDown()[pri:0, instance:TestCase.Login@2a7f1f10]" started-at="2024-09-18T19:41:04 IST" name="TearDown" finished-at="2024-09-18T19:41:04 IST" duration-ms="280" status="PASS">
          <reporter-output>
          </reporter-output>
        </test-method> <!-- TearDown -->
        <test-method is-config="true" signature="setUp()[pri:0, instance:TestCase.Login@2a7f1f10]" started-at="2024-09-18T19:41:04 IST" name="setUp" finished-at="2024-09-18T19:41:05 IST" duration-ms="1667" status="PASS">
          <reporter-output>
          </reporter-output>
        </test-method> <!-- setUp -->
        <test-method signature="TestCase_003()[pri:0, instance:TestCase.Login@2a7f1f10]" started-at="2024-09-18T19:41:05 IST" name="TestCase_003" finished-at="2024-09-18T19:41:08 IST" duration-ms="2321" status="PASS">
          <reporter-output>
          </reporter-output>
        </test-method> <!-- TestCase_003 -->
        <test-method is-config="true" signature="TearDown()[pri:0, instance:TestCase.Login@2a7f1f10]" started-at="2024-09-18T19:41:08 IST" name="TearDown" finished-at="2024-09-18T19:41:08 IST" duration-ms="287" status="PASS">
          <reporter-output>
          </reporter-output>
        </test-method> <!-- TearDown -->
        <test-method is-config="true" signature="setUp()[pri:0, instance:TestCase.Login@2a7f1f10]" started-at="2024-09-18T19:41:08 IST" name="setUp" finished-at="2024-09-18T19:41:11 IST" duration-ms="3067" status="PASS">
          <reporter-output>
          </reporter-output>
        </test-method> <!-- setUp -->
        <test-method signature="TestCase_004()[pri:0, instance:TestCase.Login@2a7f1f10]" started-at="2024-09-18T19:41:11 IST" name="TestCase_004" finished-at="2024-09-18T19:41:13 IST" duration-ms="1475" status="PASS">
          <reporter-output>
          </reporter-output>
        </test-method> <!-- TestCase_004 -->
        <test-method is-config="true" signature="TearDown()[pri:0, instance:TestCase.Login@2a7f1f10]" started-at="2024-09-18T19:41:13 IST" name="TearDown" finished-at="2024-09-18T19:41:13 IST" duration-ms="559" status="PASS">
          <reporter-output>
          </reporter-output>
        </test-method> <!-- TearDown -->
        <test-method is-config="true" signature="setUp()[pri:0, instance:TestCase.Login@2a7f1f10]" started-at="2024-09-18T19:41:13 IST" name="setUp" finished-at="2024-09-18T19:41:18 IST" duration-ms="5051" status="PASS">
          <reporter-output>
          </reporter-output>
        </test-method> <!-- setUp -->
        <test-method signature="TestCase_005()[pri:0, instance:TestCase.Login@2a7f1f10]" started-at="2024-09-18T19:41:18 IST" name="TestCase_005" finished-at="2024-09-18T19:41:20 IST" duration-ms="1510" status="FAIL">
          <exception class="org.openqa.selenium.NoSuchElementException">
            <message>
              <![CDATA[no such element: Unable to locate element: {"method":"xpath","selector":"//span[@class ='title']"}
  (Session info: chrome=128.0.6613.120)
For documentation on this error, please visit: https://www.selenium.dev/documentation/webdriver/troubleshooting/errors#no-such-element-exception
Build info: version: '4.23.0', revision: '4df0a231af'
System info: os.name: 'Windows 10', os.arch: 'amd64', os.version: '10.0', java.version: '22.0.2'
Driver info: org.openqa.selenium.chrome.ChromeDriver
Command: [7ce42492aae37fe240a9f0e237ab873b, findElement {using=xpath, value=//span[@class ='title']}]
Capabilities {acceptInsecureCerts: false, browserName: chrome, browserVersion: 128.0.6613.120, chrome: {chromedriverVersion: 128.0.6613.137 (fe621c5aa2d..., userDataDir: C:\Users\HP\AppData\Local\T...}, fedcm:accounts: true, goog:chromeOptions: {debuggerAddress: localhost:55570}, networkConnectionEnabled: false, pageLoadStrategy: normal, platformName: windows, proxy: Proxy(), se:cdp: ws://localhost:55570/devtoo..., se:cdpVersion: 128.0.6613.120, setWindowRect: true, strictFileInteractability: false, timeouts: {implicit: 0, pageLoad: 300000, script: 30000}, unhandledPromptBehavior: dismiss and notify, webauthn:extension:credBlob: true, webauthn:extension:largeBlob: true, webauthn:extension:minPinLength: true, webauthn:extension:prf: true, webauthn:virtualAuthenticators: true}
Session ID: 7ce42492aae37fe240a9f0e237ab873b]]>
            </message>
            <full-stacktrace>
              <![CDATA[org.openqa.selenium.NoSuchElementException: no such element: Unable to locate element: {"method":"xpath","selector":"//span[@class ='title']"}
  (Session info: chrome=128.0.6613.120)
For documentation on this error, please visit: https://www.selenium.dev/documentation/webdriver/troubleshooting/errors#no-such-element-exception
Build info: version: '4.23.0', revision: '4df0a231af'
System info: os.name: 'Windows 10', os.arch: 'amd64', os.version: '10.0', java.version: '22.0.2'
Driver info: org.openqa.selenium.chrome.ChromeDriver
Command: [7ce42492aae37fe240a9f0e237ab873b, findElement {using=xpath, value=//span[@class ='title']}]
Capabilities {acceptInsecureCerts: false, browserName: chrome, browserVersion: 128.0.6613.120, chrome: {chromedriverVersion: 128.0.6613.137 (fe621c5aa2d..., userDataDir: C:\Users\HP\AppData\Local\T...}, fedcm:accounts: true, goog:chromeOptions: {debuggerAddress: localhost:55570}, networkConnectionEnabled: false, pageLoadStrategy: normal, platformName: windows, proxy: Proxy(), se:cdp: ws://localhost:55570/devtoo..., se:cdpVersion: 128.0.6613.120, setWindowRect: true, strictFileInteractability: false, timeouts: {implicit: 0, pageLoad: 300000, script: 30000}, unhandledPromptBehavior: dismiss and notify, webauthn:extension:credBlob: true, webauthn:extension:largeBlob: true, webauthn:extension:minPinLength: true, webauthn:extension:prf: true, webauthn:virtualAuthenticators: true}
Session ID: 7ce42492aae37fe240a9f0e237ab873b
at java.base/jdk.internal.reflect.DirectConstructorHandleAccessor.newInstance(DirectConstructorHandleAccessor.java:62)
at java.base/java.lang.reflect.Constructor.newInstanceWithCaller(Constructor.java:502)
at java.base/java.lang.reflect.Constructor.newInstance(Constructor.java:486)
at org.openqa.selenium.remote.ErrorCodec.decode(ErrorCodec.java:167)
at org.openqa.selenium.remote.codec.w3c.W3CHttpResponseCodec.decode(W3CHttpResponseCodec.java:138)
at org.openqa.selenium.remote.codec.w3c.W3CHttpResponseCodec.decode(W3CHttpResponseCodec.java:50)
at org.openqa.selenium.remote.HttpCommandExecutor.execute(HttpCommandExecutor.java:190)
at org.openqa.selenium.remote.service.DriverCommandExecutor.invokeExecute(DriverCommandExecutor.java:216)
at org.openqa.selenium.remote.service.DriverCommandExecutor.execute(DriverCommandExecutor.java:174)
at org.openqa.selenium.remote.RemoteWebDriver.execute(RemoteWebDriver.java:527)
at org.openqa.selenium.remote.ElementLocation$ElementFinder$2.findElement(ElementLocation.java:165)
at org.openqa.selenium.remote.ElementLocation.findElement(ElementLocation.java:59)
at org.openqa.selenium.remote.RemoteWebDriver.findElement(RemoteWebDriver.java:357)
at org.openqa.selenium.remote.RemoteWebDriver.findElement(RemoteWebDriver.java:351)
at PageObjectModel.LoginPage.GetProductText(LoginPage.java:22)
at TestCase.Login.TestCase_005(Login.java:79)
at java.base/jdk.internal.reflect.DirectMethodHandleAccessor.invoke(DirectMethodHandleAccessor.java:103)
at java.base/java.lang.reflect.Method.invoke(Method.java:580)
at org.testng.internal.invokers.MethodInvocationHelper.invokeMethod(MethodInvocationHelper.java:141)
at org.testng.internal.invokers.TestInvoker.invokeMethod(TestInvoker.java:686)
at org.testng.internal.invokers.TestInvoker.invokeTestMethod(TestInvoker.java:230)
at org.testng.internal.invokers.MethodRunner.runInSequence(MethodRunner.java:63)
at org.testng.internal.invokers.TestInvoker$MethodInvocationAgent.invoke(TestInvoker.java:992)
at org.testng.internal.invokers.TestInvoker.invokeTestMethods(TestInvoker.java:203)
at org.testng.internal.invokers.TestMethodWorker.invokeTestMethods(TestMethodWorker.java:154)
at org.testng.internal.invokers.TestMethodWorker.run(TestMethodWorker.java:134)
at java.base/java.util.ArrayList.forEach(ArrayList.java:1597)
at org.testng.TestRunner.privateRun(TestRunner.java:739)
at org.testng.TestRunner.run(TestRunner.java:614)
at org.testng.SuiteRunner.runTest(SuiteRunner.java:421)
at org.testng.SuiteRunner.runSequentially(SuiteRunner.java:413)
at org.testng.SuiteRunner.privateRun(SuiteRunner.java:373)
at org.testng.SuiteRunner.run(SuiteRunner.java:312)
at org.testng.SuiteRunnerWorker.runSuite(SuiteRunnerWorker.java:52)
at org.testng.SuiteRunnerWorker.run(SuiteRunnerWorker.java:95)
at org.testng.TestNG.runSuitesSequentially(TestNG.java:1274)
at org.testng.TestNG.runSuitesLocally(TestNG.java:1208)
at org.testng.TestNG.runSuites(TestNG.java:1112)
at org.testng.TestNG.run(TestNG.java:1079)
at org.apache.maven.surefire.testng.TestNGExecutor.run(TestNGExecutor.java:308)
at org.apache.maven.surefire.testng.TestNGXmlTestSuite.execute(TestNGXmlTestSuite.java:71)
at org.apache.maven.surefire.testng.TestNGProvider.invoke(TestNGProvider.java:113)
at org.apache.maven.surefire.booter.ForkedBooter.runSuitesInProcess(ForkedBooter.java:385)
at org.apache.maven.surefire.booter.ForkedBooter.execute(ForkedBooter.java:162)
at org.apache.maven.surefire.booter.ForkedBooter.run(ForkedBooter.java:507)
at org.apache.maven.surefire.booter.ForkedBooter.main(ForkedBooter.java:495)
]]>
            </full-stacktrace>
          </exception> <!-- org.openqa.selenium.NoSuchElementException -->
          <reporter-output>
          </reporter-output>
        </test-method> <!-- TestCase_005 -->
        <test-method is-config="true" signature="TearDown()[pri:0, instance:TestCase.Login@2a7f1f10]" started-at="2024-09-18T19:41:20 IST" name="TearDown" finished-at="2024-09-18T19:41:20 IST" duration-ms="324" status="PASS">
          <reporter-output>
          </reporter-output>
        </test-method> <!-- TearDown -->
        <test-method is-config="true" signature="setUp()[pri:0, instance:TestCase.Login@2a7f1f10]" started-at="2024-09-18T19:41:20 IST" name="setUp" finished-at="2024-09-18T19:41:24 IST" duration-ms="4312" status="PASS">
          <reporter-output>
          </reporter-output>
        </test-method> <!-- setUp -->
        <test-method signature="TestCase_006()[pri:0, instance:TestCase.Login@2a7f1f10]" started-at="2024-09-18T19:41:24 IST" name="TestCase_006" finished-at="2024-09-18T19:41:26 IST" duration-ms="1883" status="PASS">
          <reporter-output>
          </reporter-output>
        </test-method> <!-- TestCase_006 -->
        <test-method is-config="true" signature="TearDown()[pri:0, instance:TestCase.Login@2a7f1f10]" started-at="2024-09-18T19:41:26 IST" name="TearDown" finished-at="2024-09-18T19:41:27 IST" duration-ms="310" status="PASS">
          <reporter-output>
          </reporter-output>
        </test-method> <!-- TearDown -->
        <test-method is-config="true" signature="setUp()[pri:0, instance:TestCase.Login@2a7f1f10]" started-at="2024-09-18T19:41:27 IST" name="setUp" finished-at="2024-09-18T19:41:33 IST" duration-ms="6557" status="PASS">
          <reporter-output>
          </reporter-output>
        </test-method> <!-- setUp -->
        <test-method signature="TestCase_007()[pri:0, instance:TestCase.Login@2a7f1f10]" started-at="2024-09-18T19:41:33 IST" name="TestCase_007" finished-at="2024-09-18T19:41:40 IST" duration-ms="6645" status="PASS">
          <reporter-output>
          </reporter-output>
        </test-method> <!-- TestCase_007 -->
        <test-method is-config="true" signature="TearDown()[pri:0, instance:TestCase.Login@2a7f1f10]" started-at="2024-09-18T19:41:40 IST" name="TearDown" finished-at="2024-09-18T19:41:40 IST" duration-ms="250" status="PASS">
          <reporter-output>
          </reporter-output>
        </test-method> <!-- TearDown -->
        <test-method is-config="true" signature="setUp()[pri:0, instance:TestCase.Login@2a7f1f10]" started-at="2024-09-18T19:41:40 IST" name="setUp" finished-at="2024-09-18T19:41:45 IST" duration-ms="4536" status="PASS">
          <reporter-output>
          </reporter-output>
        </test-method> <!-- setUp -->
        <test-method signature="TestCase_008()[pri:0, instance:TestCase.Login@2a7f1f10]" started-at="2024-09-18T19:41:45 IST" name="TestCase_008" finished-at="2024-09-18T19:41:46 IST" duration-ms="1497" status="PASS">
          <reporter-output>
          </reporter-output>
        </test-method> <!-- TestCase_008 -->
        <test-method is-config="true" signature="TearDown()[pri:0, instance:TestCase.Login@2a7f1f10]" started-at="2024-09-18T19:41:46 IST" name="TearDown" finished-at="2024-09-18T19:41:46 IST" duration-ms="246" status="PASS">
          <reporter-output>
          </reporter-output>
        </test-method> <!-- TearDown -->
        <test-method is-config="true" signature="setUp()[pri:0, instance:TestCase.Login@2a7f1f10]" started-at="2024-09-18T19:41:46 IST" name="setUp" finished-at="2024-09-18T19:41:49 IST" duration-ms="2679" status="PASS">
          <reporter-output>
          </reporter-output>
        </test-method> <!-- setUp -->
        <test-method signature="TestCase_009()[pri:0, instance:TestCase.Login@2a7f1f10]" started-at="2024-09-18T19:41:49 IST" name="TestCase_009" finished-at="2024-09-18T19:41:50 IST" duration-ms="1499" status="PASS">
          <reporter-output>
          </reporter-output>
        </test-method> <!-- TestCase_009 -->
        <test-method is-config="true" signature="TearDown()[pri:0, instance:TestCase.Login@2a7f1f10]" started-at="2024-09-18T19:41:50 IST" name="TearDown" finished-at="2024-09-18T19:41:51 IST" duration-ms="254" status="PASS">
          <reporter-output>
          </reporter-output>
        </test-method> <!-- TearDown -->
      </class> <!-- TestCase.Login -->
    </test> <!-- Test -->
  </suite> <!-- Suite -->
</testng-results>
