<?xml version="1.0" encoding="UTF-8"?>
<testng-results ignored="0" total="1" passed="1" failed="0" skipped="0">
  <reporter-output>
  </reporter-output>
  <suite started-at="2024-09-23T18:40:43 IST" name="Default suite" finished-at="2024-09-23T18:40:51 IST" duration-ms="8021">
    <groups>
    </groups>
    <test started-at="2024-09-23T18:40:43 IST" name="Default test" finished-at="2024-09-23T18:40:51 IST" duration-ms="8021">
      <class name="TestCase.CheckOut">
        <test-method is-config="true" signature="setUp()[pri:0, instance:TestCase.CheckOut@196a42c3]" started-at="2024-09-23T18:40:43 IST" name="setUp" finished-at="2024-09-23T18:40:47 IST" duration-ms="4730" status="PASS">
          <reporter-output>
          </reporter-output>
        </test-method> <!-- setUp -->
        <test-method signature="TestCase_003()[pri:0, instance:TestCase.CheckOut@196a42c3]" started-at="2024-09-23T18:40:47 IST" name="TestCase_003" finished-at="2024-09-23T18:40:50 IST" duration-ms="2759" status="PASS">
          <reporter-output>
          </reporter-output>
        </test-method> <!-- TestCase_003 -->
        <test-method is-config="true" signature="TearDown()[pri:0, instance:TestCase.CheckOut@196a42c3]" started-at="2024-09-23T18:40:50 IST" name="TearDown" finished-at="2024-09-23T18:40:51 IST" duration-ms="419" status="PASS">
          <reporter-output>
          </reporter-output>
        </test-method> <!-- TearDown -->
      </class> <!-- TestCase.CheckOut -->
    </test> <!-- Default test -->
  </suite> <!-- Default suite -->
</testng-results>
