<?xml version="1.0" encoding="UTF-8"?>
<testng-results ignored="0" total="1" passed="1" failed="0" skipped="0">
  <reporter-output>
  </reporter-output>
  <suite started-at="2024-09-20T11:02:25 IST" name="Default suite" finished-at="2024-09-20T11:02:34 IST" duration-ms="8880">
    <groups>
    </groups>
    <test started-at="2024-09-20T11:02:25 IST" name="Default test" finished-at="2024-09-20T11:02:34 IST" duration-ms="8880">
      <class name="TestCase.HomePageBar">
        <test-method is-config="true" signature="setUp()[pri:0, instance:TestCase.HomePageBar@1349883]" started-at="2024-09-20T11:02:25 IST" name="setUp" finished-at="2024-09-20T11:02:32 IST" duration-ms="6644" status="PASS">
          <reporter-output>
          </reporter-output>
        </test-method> <!-- setUp -->
        <test-method signature="TestCase_007()[pri:0, instance:TestCase.HomePageBar@1349883]" started-at="2024-09-20T11:02:32 IST" name="TestCase_007" finished-at="2024-09-20T11:02:33 IST" duration-ms="1818" status="PASS">
          <reporter-output>
          </reporter-output>
        </test-method> <!-- TestCase_007 -->
        <test-method is-config="true" signature="TearDown()[pri:0, instance:TestCase.HomePageBar@1349883]" started-at="2024-09-20T11:02:33 IST" name="TearDown" finished-at="2024-09-20T11:02:34 IST" duration-ms="331" status="PASS">
          <reporter-output>
          </reporter-output>
        </test-method> <!-- TearDown -->
      </class> <!-- TestCase.HomePageBar -->
    </test> <!-- Default test -->
  </suite> <!-- Default suite -->
</testng-results>
